Microsoft (R) Macro Assembler Version 6.14.8444		    05/05/15 13:30:45
D:\masm32\Loop.asm					     Page 1 - 1


				.386
				.model flat,stdcall
				.stack 4096
 00000000			.data
 00000000 00000005		    A   dword 5,4,3,2,1
	   00000004
	   00000003
	   00000002
	   00000001
 00000014 00000005		    n   dword ($-A)/4

 00000000			.code
 00000000			start:
 00000000  8B 0D 00000014 R	    mov ecx,n
 00000006  49			    dec ecx
 00000007			Lp1:
 00000007  8D 1D 00000000 R	    lea ebx,A
 0000000D  BA 00000001		    mov edx,1
 00000012			Lp2:
 00000012  3B D1		    cmp edx,ecx
 00000014  7F 14		    jg L3
 00000016  8B 03		    mov eax,[ebx]
 00000018  3B 43 04		    cmp eax,[ebx+4]
 0000001B  7C F5		    jl  Lp2
 0000001D  8B 03		    mov eax,[ebx]
 0000001F  87 43 04		    xchg [ebx+4],eax
 00000022  87 03		    xchg [ebx],eax
 00000024  83 C3 04		    add ebx,4
 00000027  42			    inc edx
 00000028  EB E8		    jmp Lp2
 0000002A			 L3:
 0000002A  E2 DB		    loop Lp1

 0000002C  C3			ret
 0000002D			end start
				  
Microsoft (R) Macro Assembler Version 6.14.8444		    05/05/15 13:30:45
D:\masm32\Loop.asm					     Symbols 2 - 1




Segments and Groups:

                N a m e                 Size     Length   Align   Combine Class

FLAT . . . . . . . . . . . . . .	GROUP
STACK  . . . . . . . . . . . . .	32 Bit	 00001000 DWord	  Stack	  'STACK'	 
_DATA  . . . . . . . . . . . . .	32 Bit	 00000018 DWord	  Public  'DATA'	
_TEXT  . . . . . . . . . . . . .	32 Bit	 0000002D DWord	  Public  'CODE'	


Procedures,  parameters and locals:

                N a m e                 Type     Value    Attr

$$$00001 . . . . . . . . . . . .	P Near	 00000000 _TEXT	Length= 0000002D Private STDCALL
  Lp1  . . . . . . . . . . . . .	L Near	 00000007 _TEXT	
  Lp2  . . . . . . . . . . . . .	L Near	 00000012 _TEXT	
  L3 . . . . . . . . . . . . . .	L Near	 0000002A _TEXT	


Symbols:

                N a m e                 Type     Value    Attr

@CodeSize  . . . . . . . . . . .	Number	 00000000h   
@DataSize  . . . . . . . . . . .	Number	 00000000h   
@Interface . . . . . . . . . . .	Number	 00000003h   
@Model . . . . . . . . . . . . .	Number	 00000007h   
@code  . . . . . . . . . . . . .	Text   	 _TEXT
@data  . . . . . . . . . . . . .	Text   	 FLAT
@fardata?  . . . . . . . . . . .	Text   	 FLAT
@fardata . . . . . . . . . . . .	Text   	 FLAT
@stack . . . . . . . . . . . . .	Text   	 FLAT
A  . . . . . . . . . . . . . . .	DWord	 00000000 _DATA	
L3 . . . . . . . . . . . . . . .	L Near	 0000002A _TEXT	
Lp1  . . . . . . . . . . . . . .	L Near	 00000007 _TEXT	
Lp2  . . . . . . . . . . . . . .	L Near	 00000012 _TEXT	
n  . . . . . . . . . . . . . . .	DWord	 00000014 _DATA	
start  . . . . . . . . . . . . .	L Near	 00000000 _TEXT	Public STDCALL

	   0 Warnings
	   0 Errors
