Microsoft (R) Macro Assembler Version 6.14.8444		    04/23/15 20:31:19
D:\masm32\lab_2.asm					     Page 1 - 1


				.386
				.model flat,stdcall

				.stack 4096

 00000000			.data
 00000000 00000064		number1 dword 100
 00000004 000000C8		number2 dword 200
 00000008 0000012C		number3 dword 300
 0000000C 00000000		sum     dword ?

 00000000			.code
 00000000			start:
 00000000  A1 00000000 R	    mov eax,number1
 00000005  03 05 00000004 R	    add eax,number2
 0000000B  03 05 00000008 R	    add eax,number3
 00000011  A3 0000000C R	    mov sum,eax
 00000016  C3			ret
 00000017			end start
Microsoft (R) Macro Assembler Version 6.14.8444		    04/23/15 20:31:19
D:\masm32\lab_2.asm					     Symbols 2 - 1




Segments and Groups:

                N a m e                 Size     Length   Align   Combine Class

FLAT . . . . . . . . . . . . . .	GROUP
STACK  . . . . . . . . . . . . .	32 Bit	 00001000 DWord	  Stack	  'STACK'	 
_DATA  . . . . . . . . . . . . .	32 Bit	 00000010 DWord	  Public  'DATA'	
_TEXT  . . . . . . . . . . . . .	32 Bit	 00000017 DWord	  Public  'CODE'	


Procedures,  parameters and locals:

                N a m e                 Type     Value    Attr

$$$00001 . . . . . . . . . . . .	P Near	 00000000 _TEXT	Length= 00000017 Private STDCALL


Symbols:

                N a m e                 Type     Value    Attr

@CodeSize  . . . . . . . . . . .	Number	 00000000h   
@DataSize  . . . . . . . . . . .	Number	 00000000h   
@Interface . . . . . . . . . . .	Number	 00000003h   
@Model . . . . . . . . . . . . .	Number	 00000007h   
@code  . . . . . . . . . . . . .	Text   	 _TEXT
@data  . . . . . . . . . . . . .	Text   	 FLAT
@fardata?  . . . . . . . . . . .	Text   	 FLAT
@fardata . . . . . . . . . . . .	Text   	 FLAT
@stack . . . . . . . . . . . . .	Text   	 FLAT
number1  . . . . . . . . . . . .	DWord	 00000000 _DATA	
number2  . . . . . . . . . . . .	DWord	 00000004 _DATA	
number3  . . . . . . . . . . . .	DWord	 00000008 _DATA	
start  . . . . . . . . . . . . .	L Near	 00000000 _TEXT	Public STDCALL
sum  . . . . . . . . . . . . . .	DWord	 0000000C _DATA	

	   0 Warnings
	   0 Errors
