Microsoft (R) Macro Assembler Version 6.14.8444		    04/23/15 20:30:32
D:\masm32\lab_1.asm					     Page 1 - 1


				;lab_exercise_1.asm
				.386
				.model flat,stdcall
				.stack 4096
 00000000			.data
 00000000 00000064		Number1 dword 100
 00000004 000000C8		Number2 dword 200
 00000008 00000000		Result dword ?
 00000000			.code
 00000000			start:
 00000000  A1 00000000 R	mov eax,Number1
 00000005  03 05 00000004 R	add eax,Number2
 0000000B  A3 00000008 R	mov Result,eax
 00000010  C3			ret
 00000011			end start
Microsoft (R) Macro Assembler Version 6.14.8444		    04/23/15 20:30:32
D:\masm32\lab_1.asm					     Symbols 2 - 1




Segments and Groups:

                N a m e                 Size     Length   Align   Combine Class

FLAT . . . . . . . . . . . . . .	GROUP
STACK  . . . . . . . . . . . . .	32 Bit	 00001000 DWord	  Stack	  'STACK'	 
_DATA  . . . . . . . . . . . . .	32 Bit	 0000000C DWord	  Public  'DATA'	
_TEXT  . . . . . . . . . . . . .	32 Bit	 00000011 DWord	  Public  'CODE'	


Procedures,  parameters and locals:

                N a m e                 Type     Value    Attr

$$$00001 . . . . . . . . . . . .	P Near	 00000000 _TEXT	Length= 00000011 Private STDCALL


Symbols:

                N a m e                 Type     Value    Attr

@CodeSize  . . . . . . . . . . .	Number	 00000000h   
@DataSize  . . . . . . . . . . .	Number	 00000000h   
@Interface . . . . . . . . . . .	Number	 00000003h   
@Model . . . . . . . . . . . . .	Number	 00000007h   
@code  . . . . . . . . . . . . .	Text   	 _TEXT
@data  . . . . . . . . . . . . .	Text   	 FLAT
@fardata?  . . . . . . . . . . .	Text   	 FLAT
@fardata . . . . . . . . . . . .	Text   	 FLAT
@stack . . . . . . . . . . . . .	Text   	 FLAT
Number1  . . . . . . . . . . . .	DWord	 00000000 _DATA	
Number2  . . . . . . . . . . . .	DWord	 00000004 _DATA	
Result . . . . . . . . . . . . .	DWord	 00000008 _DATA	
start  . . . . . . . . . . . . .	L Near	 00000000 _TEXT	Public STDCALL

	   0 Warnings
	   0 Errors
