Microsoft (R) Macro Assembler Version 6.14.8444		    05/08/15 10:44:04
C:\masm32\lab_exercise_6_2.asm				     Page 1 - 1


				;lab_exercise_6_2.asm
				;2(-x+y-1)

				.386
				.model flat,stdcall
				.stack 4096
 00000000			.data
 00000000 00000008		    x   dword   8
 00000004 0000000C		    y   dword   12
 00000008 00000000		    result  dword   ?

 00000000			.code
 00000000			start:
 00000000  A1 00000000 R	    mov eax,x
 00000005  F7 D8		    neg eax
 00000007  03 05 00000004 R	    add eax,y
 0000000D  83 E8 01		    sub eax,1
 00000010  6B C0 02		    imul eax,2
 00000013  A3 00000008 R	    mov result,eax

 00000018  C3			ret
 00000019			end start
Microsoft (R) Macro Assembler Version 6.14.8444		    05/08/15 10:44:04
C:\masm32\lab_exercise_6_2.asm				     Symbols 2 - 1




Segments and Groups:

                N a m e                 Size     Length   Align   Combine Class

FLAT . . . . . . . . . . . . . .	GROUP
STACK  . . . . . . . . . . . . .	32 Bit	 00001000 DWord	  Stack	  'STACK'	 
_DATA  . . . . . . . . . . . . .	32 Bit	 0000000C DWord	  Public  'DATA'	
_TEXT  . . . . . . . . . . . . .	32 Bit	 00000019 DWord	  Public  'CODE'	


Procedures,  parameters and locals:

                N a m e                 Type     Value    Attr

$$$00001 . . . . . . . . . . . .	P Near	 00000000 _TEXT	Length= 00000019 Private STDCALL


Symbols:

                N a m e                 Type     Value    Attr

@CodeSize  . . . . . . . . . . .	Number	 00000000h   
@DataSize  . . . . . . . . . . .	Number	 00000000h   
@Interface . . . . . . . . . . .	Number	 00000003h   
@Model . . . . . . . . . . . . .	Number	 00000007h   
@code  . . . . . . . . . . . . .	Text   	 _TEXT
@data  . . . . . . . . . . . . .	Text   	 FLAT
@fardata?  . . . . . . . . . . .	Text   	 FLAT
@fardata . . . . . . . . . . . .	Text   	 FLAT
@stack . . . . . . . . . . . . .	Text   	 FLAT
result . . . . . . . . . . . . .	DWord	 00000008 _DATA	
start  . . . . . . . . . . . . .	L Near	 00000000 _TEXT	Public STDCALL
x  . . . . . . . . . . . . . . .	DWord	 00000000 _DATA	
y  . . . . . . . . . . . . . . .	DWord	 00000004 _DATA	

	   0 Warnings
	   0 Errors
