Microsoft (R) Macro Assembler Version 6.14.8444		    04/24/15 12:40:30
D:\masm32\lab_4.asm					     Page 1 - 1


				;lab_exercise_4.asm
				.386
				.model flat,stdcall
				.stack 4096
 00000000			.data
 = 0000000D			    cr          equ     13
 00000000  00000014 [		    var         word    20 dup(?)
	    0000
	   ]
 00000028 = 00000028		    var_word    equ     this word
 00000028 = 00000028		    var_dword   equ     this dword
 00000028 01 02 03 04 05	    var_byte    byte    1,2,3,4,5
 0000002D 12345678		    d_var       dword   12345678h
 00000031 01 02 03 04 05	    array1      byte    1,2,3,4,5,6,7
	   06 07
 00000038 08 09 0A 0B 0C	    array2      byte    8,9,10,11,12,13,14
	   0D 0E
 0000003F = 0000003E		    array_end   equ     $-1
 0000003F 0001 0002 0003	    array       word    1,2,3,4,5,6,7
	   0004 0005 0006
	   0007
 0000004D  0008 0009 000A	                word    8,9,10,11,12,13,14
	   000B 000C 000D
	   000E
 0000005B  000F 0010 0011	                word    15,16,17,18,19,20,21
	   0012 0013 0014
	   0015
 = 0000000E			    row         equ     7*2
 00000069 01 02 03 04 05	    array3      byte    1,2,3,4,5,6,7
	   06 07
 00000070  08 09 0A 0B 0C	                byte    8,9,10,11,12,13,14
	   0D 0E
 00000077  0F 10 11 12 13	                byte    15,16,17,18,19,20,21
	   14 15
 = 00000007			    numcols     equ     7
 0000007E 01 02 03 04 05	    array4      byte    1,2,3,4,5,6,7
	   06 07
 00000085 = 00000084		    array4_end  equ     $-1
 00000000			.code
 00000000			start:
 00000000  B8 FFFFFFFF		    mov     eax,    -1
 00000005  B8 FFFFFFFF		    mov     eax,    0ffffffffh
 0000000A  B8 00000000 R	    mov     eax,    offset var
 0000000F  B8 00000028		    mov     eax,    sizeof var
 00000014  B8 00000014		    mov     eax,    length var
 00000019  B8 00000002		    mov     eax,    type   var
 0000001E  B8 0000001E R	    mov     eax,    $
 00000023  B8 0000000D		    mov     eax,    cr
 00000028  A0 00000028 R	    mov     al,     var_byte    ;al<-[var_byte]
 0000002D  66| A1		    mov     ax,     var_word    ;AX<-[var_word]
	   00000028 R
 00000033  A1 00000028 R	    mov     eax,    var_dword   ;EAX<-[var_dword]
 00000038  66| 2E: A1		    mov     ax,     cs:var      ;EAX<-CS:[var]
	   00000000 R
 0000003F  B0 0D		    mov     al,     cr          ;AL<-CR, AL=0DH
 00000041  BE 0000002D R	    mov     esi,    offset d_var
 00000046  8B 06		    mov     eax,    [esi]
 00000048  8B C6		    mov     eax,    esi
 0000004A  B8 0000002D R	    mov     eax,    offset d_var
 0000004F  2E: 8B 00		    mov     eax,    cs:[eax]
 00000052  BB 00000031 R	    mov     ebx,    offset array1
 00000057  BE 00000001		    mov     esi,    1
 0000005C  8A 04 1E		    mov     al,     [ebx+esi]   ;
 0000005F  BB 00000038 R	    mov     ebx,    offset array2
 00000064  8A 04 1E		    mov     al,     [ebx+esi]
 00000067  BB 0000000E		    mov     ebx,    row
 0000006C  BE 00000001		    mov     esi,    1
 00000071  66| 8B 84 73		    mov     ax,     array[ebx][esi*2]
	   0000003F R
 00000079  66| 8B 84 73		    mov     ax,     [array+ebx+esi*2]
	   0000003F R
 00000081  BB 00000007		    mov     ebx,    numcols
 00000086  BE 00000001		    mov     esi,    1
 0000008B  8A 84 1E		    mov     al,     array3[ebx][esi]
	   00000069 R
 00000092  BE 0000007E R	    mov     esi,    offset array4
 00000097  8A 06		    mov     al,     [esi]
 00000099  8A 46 04		    mov     al,     [esi+4]
 0000009C  BE 00000084 R	    mov     esi,    array4_end
 000000A1  8A 46 FC		    mov     al,     [esi-4]

 000000A4  C3			ret
 000000A5			end start
Microsoft (R) Macro Assembler Version 6.14.8444		    04/24/15 12:40:30
D:\masm32\lab_4.asm					     Symbols 2 - 1




Segments and Groups:

                N a m e                 Size     Length   Align   Combine Class

FLAT . . . . . . . . . . . . . .	GROUP
STACK  . . . . . . . . . . . . .	32 Bit	 00001000 DWord	  Stack	  'STACK'	 
_DATA  . . . . . . . . . . . . .	32 Bit	 00000085 DWord	  Public  'DATA'	
_TEXT  . . . . . . . . . . . . .	32 Bit	 000000A5 DWord	  Public  'CODE'	


Procedures,  parameters and locals:

                N a m e                 Type     Value    Attr

$$$00001 . . . . . . . . . . . .	P Near	 00000000 _TEXT	Length= 000000A5 Private STDCALL


Symbols:

                N a m e                 Type     Value    Attr

@CodeSize  . . . . . . . . . . .	Number	 00000000h   
@DataSize  . . . . . . . . . . .	Number	 00000000h   
@Interface . . . . . . . . . . .	Number	 00000003h   
@Model . . . . . . . . . . . . .	Number	 00000007h   
@code  . . . . . . . . . . . . .	Text   	 _TEXT
@data  . . . . . . . . . . . . .	Text   	 FLAT
@fardata?  . . . . . . . . . . .	Text   	 FLAT
@fardata . . . . . . . . . . . .	Text   	 FLAT
@stack . . . . . . . . . . . . .	Text   	 FLAT
array1 . . . . . . . . . . . . .	Byte	 00000031 _DATA	
array2 . . . . . . . . . . . . .	Byte	 00000038 _DATA	
array3 . . . . . . . . . . . . .	Byte	 00000069 _DATA	
array4_end . . . . . . . . . . .	Number	 00000084h   
array4 . . . . . . . . . . . . .	Byte	 0000007E _DATA	
array_end  . . . . . . . . . . .	Number	 0000003Eh   
array  . . . . . . . . . . . . .	Word	 0000003F _DATA	
cr . . . . . . . . . . . . . . .	Number	 0000000Dh   
d_var  . . . . . . . . . . . . .	DWord	 0000002D _DATA	
numcols  . . . . . . . . . . . .	Number	 00000007h   
row  . . . . . . . . . . . . . .	Number	 0000000Eh   
start  . . . . . . . . . . . . .	L Near	 00000000 _TEXT	Public STDCALL
var_byte . . . . . . . . . . . .	Byte	 00000028 _DATA	
var_dword  . . . . . . . . . . .	Number	 00000028h   
var_word . . . . . . . . . . . .	Number	 00000028h   
var  . . . . . . . . . . . . . .	Word	 00000000 _DATA	

	   0 Warnings
	   0 Errors
