Microsoft (R) Macro Assembler Version 6.14.8444		    06/02/15 22:44:51
D:\masm32\lab_14_4.asm					     Page 1 - 1


				;编写子程序将十六进制字符串表示的数据存入EAX寄存器

				.386
				.model	flat,stdcall
				.stack	4096
 00000000			.data
 00000000 32 33 30 41 42	    bstring byte    '230ABCF',0
	   43 46 00
 00000008 00000000		    result  dword   ?
 0000000C 00000010		    const   dword   16
 00000000			.code
 00000000			toDW	   proc
 00000000  55			    push	ebp
 00000001  8B EC		    mov     ebp,esp
 00000003  8B 5D 08		    mov     ebx,[ebp+8]
 00000006  33 C0		    xor     eax,eax
 00000008  33 C9		    xor     ecx,ecx
 0000000A			while1:
 0000000A  8A 0B		    mov     cl,[ebx]
 0000000C  80 F9 00		    cmp     cl,0
 0000000F  74 15		    je      endwhile1
 00000011  80 F9 40		    cmp     cl,040h
 00000014  7C 05		    jl      L1
 00000016  83 E9 37		    sub     ecx,037h
 00000019  EB 03		    jmp     L2
 0000001B  83 E9 30		L1: sub     ecx,030h
 0000001E			L2:
 0000001E  C1 E0 04		    shl     eax,4
 00000021  03 C1		    add     eax,ecx
 00000023  43			    inc     ebx
 00000024  EB E4		    jmp     while1    
 00000026			endwhile1:  
 00000026  5D			    pop     ebp
 00000027  C2 0004		ret     4
 0000002A			toDW    endp

 0000002A			start:
 0000002A  68 00000000 R	    push    offset  bstring
 0000002F  E8 FFFFFFCC		    call    toDW
 00000034  A3 00000008 R	    mov     result,eax

 00000039  C3			ret
 0000003A			end start
Microsoft (R) Macro Assembler Version 6.14.8444		    06/02/15 22:44:51
D:\masm32\lab_14_4.asm					     Symbols 2 - 1




Segments and Groups:

                N a m e                 Size     Length   Align   Combine Class

FLAT . . . . . . . . . . . . . .	GROUP
STACK  . . . . . . . . . . . . .	32 Bit	 00001000 DWord	  Stack	  'STACK'	 
_DATA  . . . . . . . . . . . . .	32 Bit	 00000010 DWord	  Public  'DATA'	
_TEXT  . . . . . . . . . . . . .	32 Bit	 0000003A DWord	  Public  'CODE'	


Procedures,  parameters and locals:

                N a m e                 Type     Value    Attr

$$$00002 . . . . . . . . . . . .	P Near	 0000002A _TEXT	Length= 00000010 Private STDCALL
toDW . . . . . . . . . . . . . .	P Near	 00000000 _TEXT	Length= 0000002A Public STDCALL
  while1 . . . . . . . . . . . .	L Near	 0000000A _TEXT	
  L1 . . . . . . . . . . . . . .	L Near	 0000001B _TEXT	
  L2 . . . . . . . . . . . . . .	L Near	 0000001E _TEXT	
  endwhile1  . . . . . . . . . .	L Near	 00000026 _TEXT	


Symbols:

                N a m e                 Type     Value    Attr

@CodeSize  . . . . . . . . . . .	Number	 00000000h   
@DataSize  . . . . . . . . . . .	Number	 00000000h   
@Interface . . . . . . . . . . .	Number	 00000003h   
@Model . . . . . . . . . . . . .	Number	 00000007h   
@code  . . . . . . . . . . . . .	Text   	 _TEXT
@data  . . . . . . . . . . . . .	Text   	 FLAT
@fardata?  . . . . . . . . . . .	Text   	 FLAT
@fardata . . . . . . . . . . . .	Text   	 FLAT
@stack . . . . . . . . . . . . .	Text   	 FLAT
bstring  . . . . . . . . . . . .	Byte	 00000000 _DATA	
const  . . . . . . . . . . . . .	DWord	 0000000C _DATA	
result . . . . . . . . . . . . .	DWord	 00000008 _DATA	
start  . . . . . . . . . . . . .	L Near	 0000002A _TEXT	Public STDCALL

	   0 Warnings
	   0 Errors
