Microsoft (R) Macro Assembler Version 6.14.8444		    05/31/15 21:42:26
D:\masm32\lab_14_1.asm					     Page 1 - 1


				;编写子程序将EAX的内容转换为二进制字符串

				.386
				.model flat,stdcall
				.stack 4096
 00000000			.data
 00000000 0001E240		    n       dword   123456
 00000004  00000014 [		    bstring byte    20 dup (?),0
	    00
	   ] 00

 00000000			.code
 00000000			bstr    proc
 00000000  55			    push    ebp
 00000001  8B EC		    mov     ebp,esp
 00000003  8B 45 0C		    mov     eax,[ebp+12]
 00000006  8B 5D 08		    mov     ebx,[ebp+8]
 00000009  B9 10000000		    mov     ecx,10000000h
 0000000E			swhile:
 0000000E  85 C8		    test    ecx,eax
 00000010  75 04		    jnz     endwhile
 00000012  D1 E9		    shr     ecx,1
 00000014  EB F8		    jmp     swhile
 00000016			endwhile:
 00000016  83 F9 00		    cmp     ecx,0
 00000019  74 11		    je      endif1
 0000001B  85 C8		    test    ecx,eax
 0000001D  74 05		    jz      L1
 0000001F  C6 03 31		    mov     byte ptr [ebx],'1'
 00000022  EB 03		    jmp     L2
 00000024  C6 03 30		L1: mov     byte ptr [ebx],'0'
 00000027  43			L2: inc     ebx
 00000028  D1 E9		    shr     ecx,1
 0000002A  EB EA		    jmp     endwhile
 0000002C			endif1:
 0000002C  5D			    pop     ebp
 0000002D  C2 0008		ret     8
 00000030			bstr    endp

 00000030			start:
 00000030  FF 35 00000000 R	    push    n
 00000036  68 00000004 R	    push    offset  bstring
 0000003B  E8 FFFFFFC0		    call    bstr

 00000040  C3			ret
 00000041			end start
Microsoft (R) Macro Assembler Version 6.14.8444		    05/31/15 21:42:26
D:\masm32\lab_14_1.asm					     Symbols 2 - 1




Segments and Groups:

                N a m e                 Size     Length   Align   Combine Class

FLAT . . . . . . . . . . . . . .	GROUP
STACK  . . . . . . . . . . . . .	32 Bit	 00001000 DWord	  Stack	  'STACK'	 
_DATA  . . . . . . . . . . . . .	32 Bit	 00000019 DWord	  Public  'DATA'	
_TEXT  . . . . . . . . . . . . .	32 Bit	 00000041 DWord	  Public  'CODE'	


Procedures,  parameters and locals:

                N a m e                 Type     Value    Attr

$$$00002 . . . . . . . . . . . .	P Near	 00000030 _TEXT	Length= 00000011 Private STDCALL
bstr . . . . . . . . . . . . . .	P Near	 00000000 _TEXT	Length= 00000030 Public STDCALL
  swhile . . . . . . . . . . . .	L Near	 0000000E _TEXT	
  endwhile . . . . . . . . . . .	L Near	 00000016 _TEXT	
  L1 . . . . . . . . . . . . . .	L Near	 00000024 _TEXT	
  L2 . . . . . . . . . . . . . .	L Near	 00000027 _TEXT	
  endif1 . . . . . . . . . . . .	L Near	 0000002C _TEXT	


Symbols:

                N a m e                 Type     Value    Attr

@CodeSize  . . . . . . . . . . .	Number	 00000000h   
@DataSize  . . . . . . . . . . .	Number	 00000000h   
@Interface . . . . . . . . . . .	Number	 00000003h   
@Model . . . . . . . . . . . . .	Number	 00000007h   
@code  . . . . . . . . . . . . .	Text   	 _TEXT
@data  . . . . . . . . . . . . .	Text   	 FLAT
@fardata?  . . . . . . . . . . .	Text   	 FLAT
@fardata . . . . . . . . . . . .	Text   	 FLAT
@stack . . . . . . . . . . . . .	Text   	 FLAT
bstring  . . . . . . . . . . . .	Byte	 00000004 _DATA	
n  . . . . . . . . . . . . . . .	DWord	 00000000 _DATA	
start  . . . . . . . . . . . . .	L Near	 00000030 _TEXT	Public STDCALL

	   0 Warnings
	   0 Errors
