Microsoft (R) Macro Assembler Version 6.14.8444		    05/20/15 21:54:08
D:\masm32\lab_8_6.asm					     Page 1 - 1


				;编写程序将b_string中存放的字符串表示的十进制有符号数据存入EAX寄存器

				;StringToInt
				.386
				.model flat,stdcall
				.stack 4096
 00000000			.data
 00000000 2D 31 32 33 34	    b_string   byte    '-123456',0
	   35 36 00
 00000008 00000000		    n       dword   ?
 0000000C 0000000A		    const   dword   10
 00000010 00000000		    flag    dword   ?
 00000000			.code
 00000000			SToI    proc
 00000000  55			        push    ebp
 00000001  8B EC		        mov     ebp,esp
 00000003  80 3B 2D		        cmp     byte ptr[ebx],'-'
 00000006  75 0B		        jne     S1
 00000008  43			        inc     ebx
 00000009  C7 05 00000010 R	        mov     flag,1
	   00000001
 00000013			S1:
 00000013  BA 00000000		        mov     edx,0
 00000018  B8 00000000		        mov     eax,0
 0000001D  8A 13		while1: mov     dl,[ebx]
 0000001F  80 FA 00		        cmp     dl,0
 00000022  74 10		        je      endwhile1
 00000024  52			        push    edx
 00000025  F7 25 0000000C R	        mul     const
 0000002B  5A			        pop     edx
 0000002C  83 EA 30		        sub     edx,30h
 0000002F  03 C2		        add     eax,edx
 00000031  43			        inc     ebx
 00000032  EB E9		        jmp     while1
 00000034			endwhile1:
 00000034  83 3D 00000010 R	        cmp     flag,1
	   01
 0000003B  75 02		        jne     S2
 0000003D  F7 D8		        neg     eax
 0000003F			S2:
 0000003F  5D			        pop     ebp
 00000040  C3			        ret
 00000041			SToI    endp
 00000041			start:
 00000041  BB 00000000 R	    mov     ebx,offset  b_string
 00000046  E8 FFFFFFB5		    call    SToI
 0000004B  A3 00000008 R	    mov     n,eax
 00000050  C3			ret
 00000051			end     start
Microsoft (R) Macro Assembler Version 6.14.8444		    05/20/15 21:54:08
D:\masm32\lab_8_6.asm					     Symbols 2 - 1




Segments and Groups:

                N a m e                 Size     Length   Align   Combine Class

FLAT . . . . . . . . . . . . . .	GROUP
STACK  . . . . . . . . . . . . .	32 Bit	 00001000 DWord	  Stack	  'STACK'	 
_DATA  . . . . . . . . . . . . .	32 Bit	 00000014 DWord	  Public  'DATA'	
_TEXT  . . . . . . . . . . . . .	32 Bit	 00000051 DWord	  Public  'CODE'	


Procedures,  parameters and locals:

                N a m e                 Type     Value    Attr

$$$00002 . . . . . . . . . . . .	P Near	 00000041 _TEXT	Length= 00000010 Private STDCALL
SToI . . . . . . . . . . . . . .	P Near	 00000000 _TEXT	Length= 00000041 Public STDCALL
  S1 . . . . . . . . . . . . . .	L Near	 00000013 _TEXT	
  while1 . . . . . . . . . . . .	L Near	 0000001D _TEXT	
  endwhile1  . . . . . . . . . .	L Near	 00000034 _TEXT	
  S2 . . . . . . . . . . . . . .	L Near	 0000003F _TEXT	


Symbols:

                N a m e                 Type     Value    Attr

@CodeSize  . . . . . . . . . . .	Number	 00000000h   
@DataSize  . . . . . . . . . . .	Number	 00000000h   
@Interface . . . . . . . . . . .	Number	 00000003h   
@Model . . . . . . . . . . . . .	Number	 00000007h   
@code  . . . . . . . . . . . . .	Text   	 _TEXT
@data  . . . . . . . . . . . . .	Text   	 FLAT
@fardata?  . . . . . . . . . . .	Text   	 FLAT
@fardata . . . . . . . . . . . .	Text   	 FLAT
@stack . . . . . . . . . . . . .	Text   	 FLAT
b_string . . . . . . . . . . . .	Byte	 00000000 _DATA	
const  . . . . . . . . . . . . .	DWord	 0000000C _DATA	
flag . . . . . . . . . . . . . .	DWord	 00000010 _DATA	
n  . . . . . . . . . . . . . . .	DWord	 00000008 _DATA	
start  . . . . . . . . . . . . .	L Near	 00000041 _TEXT	Public STDCALL

	   0 Warnings
	   0 Errors
