Microsoft (R) Macro Assembler Version 6.14.8444		    05/20/15 21:16:03
D:\masm32\lab_8_4.asm					     Page 1 - 1


				;编写程序将EAX的内容转换为有符号十进制字符串，负数字符串以“-“引导。字符串存入内存b_string开始的空间。

				.386
				.model flat,stdcall
				.stack 4096
 00000000			.data
 00000000  0000000A [		    b_string  byte  10 dup (?),0
	    00
	   ] 00
 0000000B 000004D2		    n       dword   1234
 0000000F 0000000A		    const   dword    10

 00000000			.code
 00000000			IToS    proc
 00000000  55			        push    ebp
 00000001  8B EC		        mov     ebp,esp
 00000003  8B 45 0C		        mov     eax,[ebp+12]
 00000006  8B 5D 08		        mov     ebx,[ebp+8]
 00000009  83 F8 00		        cmp     eax,0
 0000000C  7F 08		        jg      S
 0000000E  F7 D8		        neg     eax
 00000010  C6 03 2D		        mov     byte ptr[ebx],'-'
 00000013  83 C3 01		        add     ebx,1
 00000016			S:

 00000016  B9 00000000		        mov     ecx,0
 0000001B  83 F8 00		while1: cmp     eax,0
 0000001E  74 12		        jz      endwhile1
 00000020  99			        cdq
 00000021  F7 35 0000000F R	        div     const
 00000027  0F AF 0D		        imul    ecx,const
	   0000000F R
 0000002E  03 CA		        add     ecx,edx
 00000030  EB E9		        jmp     while1
 00000032			endwhile1:
 00000032  8B C1		        mov     eax,ecx
 00000034  83 F8 00		while2: cmp     eax,0
 00000037  74 0F		        jz      endwhile2
 00000039  99			        cdq
 0000003A  F7 35 0000000F R	        div     const
 00000040  83 C2 30		        add     edx,30h
 00000043  88 13		        mov     [ebx],dl
 00000045  43			        inc     ebx
 00000046  EB EC		        jmp     while2
 00000048			endwhile2:
 00000048  C6 03 00		        mov     byte ptr [ebx],0
 0000004B  5D			        pop     ebp
 0000004C  C2 0008		        ret     8

 0000004F			IToS    endp
 0000004F			start:
 0000004F  FF 35 0000000B R	    push    n
 00000055  68 00000000 R	    push    offset b_string
 0000005A  E8 FFFFFFA1		    call    IToS
 0000005F  B8 0000000A		    mov     eax,10

 00000064  C3			ret
 00000065			end     start
Microsoft (R) Macro Assembler Version 6.14.8444		    05/20/15 21:16:03
D:\masm32\lab_8_4.asm					     Symbols 2 - 1




Segments and Groups:

                N a m e                 Size     Length   Align   Combine Class

FLAT . . . . . . . . . . . . . .	GROUP
STACK  . . . . . . . . . . . . .	32 Bit	 00001000 DWord	  Stack	  'STACK'	 
_DATA  . . . . . . . . . . . . .	32 Bit	 00000013 DWord	  Public  'DATA'	
_TEXT  . . . . . . . . . . . . .	32 Bit	 00000065 DWord	  Public  'CODE'	


Procedures,  parameters and locals:

                N a m e                 Type     Value    Attr

$$$00002 . . . . . . . . . . . .	P Near	 0000004F _TEXT	Length= 00000016 Private STDCALL
IToS . . . . . . . . . . . . . .	P Near	 00000000 _TEXT	Length= 0000004F Public STDCALL
  S  . . . . . . . . . . . . . .	L Near	 00000016 _TEXT	
  while1 . . . . . . . . . . . .	L Near	 0000001B _TEXT	
  endwhile1  . . . . . . . . . .	L Near	 00000032 _TEXT	
  while2 . . . . . . . . . . . .	L Near	 00000034 _TEXT	
  endwhile2  . . . . . . . . . .	L Near	 00000048 _TEXT	


Symbols:

                N a m e                 Type     Value    Attr

@CodeSize  . . . . . . . . . . .	Number	 00000000h   
@DataSize  . . . . . . . . . . .	Number	 00000000h   
@Interface . . . . . . . . . . .	Number	 00000003h   
@Model . . . . . . . . . . . . .	Number	 00000007h   
@code  . . . . . . . . . . . . .	Text   	 _TEXT
@data  . . . . . . . . . . . . .	Text   	 FLAT
@fardata?  . . . . . . . . . . .	Text   	 FLAT
@fardata . . . . . . . . . . . .	Text   	 FLAT
@stack . . . . . . . . . . . . .	Text   	 FLAT
b_string . . . . . . . . . . . .	Byte	 00000000 _DATA	
const  . . . . . . . . . . . . .	DWord	 0000000F _DATA	
n  . . . . . . . . . . . . . . .	DWord	 0000000B _DATA	
start  . . . . . . . . . . . . .	L Near	 0000004F _TEXT	Public STDCALL

	   0 Warnings
	   0 Errors
